app/manifest-merger-release-report.txt
-- Merging decision tree log ---
manifest
ADDED from AndroidManifest.xml:3:1
	xmlns:android
		ADDED from AndroidManifest.xml:3:11
	package
		ADDED from AndroidManifest.xml:4:5
		INJECTED from AndroidManifest.xml:0:0
		INJECTED from AndroidManifest.xml:0:0
	android:versionName
		INJECTED from AndroidManifest.xml:0:0
		INJECTED from AndroidManifest.xml:0:0
	android:versionCode
		INJECTED from AndroidManifest.xml:0:0
		INJECTED from AndroidManifest.xml:0:0
uses-permission#android.permission.INTERNET
ADDED from AndroidManifest.xml:6:5
MERGED from com.google.android.gms:play-services-ads:7.5.0:20:5
MERGED from com.google.android.gms:play-services-analytics:7.5.0:21:5
MERGED from com.google.android.gms:play-services-analytics:7.5.0:21:5
MERGED from com.google.android.gms:play-services-appinvite:7.5.0:19:5
MERGED from com.google.android.gms:play-services-maps:7.5.0:21:5
MERGED from com.google.android.gms:play-services-maps:7.5.0:21:5
MERGED from com.google.android.gms:play-services-maps:7.5.0:21:5
MERGED from com.google.android.gms:play-services-wallet:7.5.0:20:5
MERGED from com.google.android.gms:play-services-maps:7.5.0:21:5
MERGED from com.crashlytics.sdk.android:crashlytics:2.2.4:9:5
	android:name
		ADDED from AndroidManifest.xml:6:22
uses-permission#android.permission.ACCESS_NETWORK_STATE
ADDED from AndroidManifest.xml:7:5
MERGED from com.google.android.gms:play-services-ads:7.5.0:21:5
MERGED from com.google.android.gms:play-services-analytics:7.5.0:22:5
MERGED from com.google.android.gms:play-services-analytics:7.5.0:22:5
MERGED from com.google.android.gms:play-services-maps:7.5.0:20:5
MERGED from com.google.android.gms:play-services-maps:7.5.0:20:5
MERGED from com.google.android.gms:play-services-maps:7.5.0:20:5
MERGED from com.google.android.gms:play-services-nearby:7.5.0:19:5
MERGED from com.google.android.gms:play-services-maps:7.5.0:20:5
	android:name
		ADDED from AndroidManifest.xml:7:22
uses-permission#android.permission.READ_EXTERNAL_STORAGE
ADDED from AndroidManifest.xml:8:5
	android:name
		ADDED from AndroidManifest.xml:8:22
uses-permission#android.permission.WRITE_EXTERNAL_STORAGE
ADDED from AndroidManifest.xml:9:5
MERGED from com.google.android.gms:play-services-maps:7.5.0:22:5
MERGED from com.google.android.gms:play-services-maps:7.5.0:22:5
MERGED from com.google.android.gms:play-services-maps:7.5.0:22:5
MERGED from com.google.android.gms:play-services-maps:7.5.0:22:5
	android:name
		ADDED from AndroidManifest.xml:9:22
uses-permission#android.permission.SEND_SMS
ADDED from AndroidManifest.xml:10:5
	android:name
		ADDED from AndroidManifest.xml:10:22
uses-permission#android.permission.CAMERA
ADDED from AndroidManifest.xml:11:5
	android:name
		ADDED from AndroidManifest.xml:11:22
uses-permission#android.permission.READ_PHONE_STATE
ADDED from AndroidManifest.xml:12:5
	android:name
		ADDED from AndroidManifest.xml:12:22
uses-permission#android.permission.GET_ACCOUNTS
ADDED from AndroidManifest.xml:13:5
MERGED from com.google.android.gms:play-services-wallet:7.5.0:21:5
	android:name
		ADDED from AndroidManifest.xml:13:22
uses-permission#android.permission.WAKE_LOCK
ADDED from AndroidManifest.xml:14:5
	android:name
		ADDED from AndroidManifest.xml:14:22
uses-permission#com.google.android.c2dm.permission.RECEIVE
ADDED from AndroidManifest.xml:15:5
	android:name
		ADDED from AndroidManifest.xml:15:22
uses-permission#android.permission.READ_CONTACTS
ADDED from AndroidManifest.xml:16:5
	android:name
		ADDED from AndroidManifest.xml:16:22
permission#com.xavey.woody.permission.C2D_MESSAGE
ADDED from AndroidManifest.xml:18:5
	android:protectionLevel
		ADDED from AndroidManifest.xml:19:9
	android:name
		ADDED from AndroidManifest.xml:18:17
uses-permission#com.xavey.woody.permission.C2D_MESSAGE
ADDED from AndroidManifest.xml:20:5
	android:name
		ADDED from AndroidManifest.xml:20:22
application
ADDED from AndroidManifest.xml:23:5
MERGED from com.android.support:support-v4:22.2.0:22:5
MERGED from com.android.support:appcompat-v7:22.2.0:22:5
MERGED from com.android.support:support-v4:22.2.0:22:5
MERGED from com.android.support:recyclerview-v7:22.1.1:22:5
MERGED from com.google.android.gms:play-services:7.5.0:19:5
MERGED from com.google.android.gms:play-services-ads:7.5.0:24:5
MERGED from com.google.android.gms:play-services-base:7.5.0:20:5
MERGED from com.android.support:support-v4:22.2.0:22:5
MERGED from com.google.android.gms:play-services-analytics:7.5.0:24:5
MERGED from com.google.android.gms:play-services-base:7.5.0:20:5
MERGED from com.android.support:support-v4:22.2.0:22:5
MERGED from com.google.android.gms:play-services-analytics:7.5.0:24:5
MERGED from com.google.android.gms:play-services-base:7.5.0:20:5
MERGED from com.android.support:support-v4:22.2.0:22:5
MERGED from com.google.android.gms:play-services-appindexing:7.5.0:19:5
MERGED from com.google.android.gms:play-services-base:7.5.0:20:5
MERGED from com.android.support:support-v4:22.2.0:22:5
MERGED from com.google.android.gms:play-services-appinvite:7.5.0:20:5
MERGED from com.google.android.gms:play-services-base:7.5.0:20:5
MERGED from com.android.support:support-v4:22.2.0:22:5
MERGED from com.google.android.gms:play-services-appstate:7.5.0:19:5
MERGED from com.google.android.gms:play-services-base:7.5.0:20:5
MERGED from com.android.support:support-v4:22.2.0:22:5
MERGED from com.google.android.gms:play-services-base:7.5.0:20:5
MERGED from com.android.support:support-v4:22.2.0:22:5
MERGED from com.google.android.gms:play-services-cast:7.5.0:19:5
MERGED from com.google.android.gms:play-services-base:7.5.0:20:5
MERGED from com.android.support:support-v4:22.2.0:22:5
MERGED from com.android.support:mediarouter-v7:22.0.0:22:5
MERGED from com.android.support:appcompat-v7:22.2.0:22:5
MERGED from com.android.support:support-v4:22.2.0:22:5
MERGED from com.google.android.gms:play-services-drive:7.5.0:19:5
MERGED from com.google.android.gms:play-services-base:7.5.0:20:5
MERGED from com.android.support:support-v4:22.2.0:22:5
MERGED from com.google.android.gms:play-services-fitness:7.5.0:19:5
MERGED from com.google.android.gms:play-services-base:7.5.0:20:5
MERGED from com.android.support:support-v4:22.2.0:22:5
MERGED from com.google.android.gms:play-services-location:7.5.0:19:5
MERGED from com.google.android.gms:play-services-base:7.5.0:20:5
MERGED from com.android.support:support-v4:22.2.0:22:5
MERGED from com.google.android.gms:play-services-maps:7.5.0:29:5
MERGED from com.google.android.gms:play-services-base:7.5.0:20:5
MERGED from com.android.support:support-v4:22.2.0:22:5
MERGED from com.google.android.gms:play-services-games:7.5.0:19:5
MERGED from com.google.android.gms:play-services-base:7.5.0:20:5
MERGED from com.android.support:support-v4:22.2.0:22:5
MERGED from com.google.android.gms:play-services-drive:7.5.0:19:5
MERGED from com.google.android.gms:play-services-base:7.5.0:20:5
MERGED from com.android.support:support-v4:22.2.0:22:5
MERGED from com.google.android.gms:play-services-gcm:7.5.0:19:5
MERGED from com.google.android.gms:play-services-base:7.5.0:20:5
MERGED from com.android.support:support-v4:22.2.0:22:5
MERGED from com.google.android.gms:play-services-identity:7.5.0:19:5
MERGED from com.google.android.gms:play-services-base:7.5.0:20:5
MERGED from com.android.support:support-v4:22.2.0:22:5
MERGED from com.google.android.gms:play-services-location:7.5.0:19:5
MERGED from com.google.android.gms:play-services-base:7.5.0:20:5
MERGED from com.android.support:support-v4:22.2.0:22:5
MERGED from com.google.android.gms:play-services-maps:7.5.0:29:5
MERGED from com.google.android.gms:play-services-base:7.5.0:20:5
MERGED from com.android.support:support-v4:22.2.0:22:5
MERGED from com.google.android.gms:play-services-maps:7.5.0:29:5
MERGED from com.google.android.gms:play-services-base:7.5.0:20:5
MERGED from com.android.support:support-v4:22.2.0:22:5
MERGED from com.google.android.gms:play-services-nearby:7.5.0:20:5
MERGED from com.google.android.gms:play-services-base:7.5.0:20:5
MERGED from com.android.support:support-v4:22.2.0:22:5
MERGED from com.google.android.gms:play-services-panorama:7.5.0:19:5
MERGED from com.google.android.gms:play-services-base:7.5.0:20:5
MERGED from com.android.support:support-v4:22.2.0:22:5
MERGED from com.google.android.gms:play-services-plus:7.5.0:19:5
MERGED from com.google.android.gms:play-services-base:7.5.0:20:5
MERGED from com.android.support:support-v4:22.2.0:22:5
MERGED from com.google.android.gms:play-services-safetynet:7.5.0:19:5
MERGED from com.google.android.gms:play-services-base:7.5.0:20:5
MERGED from com.android.support:support-v4:22.2.0:22:5
MERGED from com.google.android.gms:play-services-wallet:7.5.0:24:5
MERGED from com.google.android.gms:play-services-base:7.5.0:20:5
MERGED from com.android.support:support-v4:22.2.0:22:5
MERGED from com.google.android.gms:play-services-identity:7.5.0:19:5
MERGED from com.google.android.gms:play-services-base:7.5.0:20:5
MERGED from com.android.support:support-v4:22.2.0:22:5
MERGED from com.google.android.gms:play-services-maps:7.5.0:29:5
MERGED from com.google.android.gms:play-services-base:7.5.0:20:5
MERGED from com.android.support:support-v4:22.2.0:22:5
MERGED from com.google.android.gms:play-services-wearable:7.5.0:19:5
MERGED from com.google.android.gms:play-services-base:7.5.0:20:5
MERGED from com.android.support:support-v4:22.2.0:22:5
MERGED from com.android.support:design:22.2.0:22:5
MERGED from com.android.support:appcompat-v7:22.2.0:22:5
MERGED from com.android.support:support-v4:22.2.0:22:5
MERGED from com.android.support:support-v4:22.2.0:22:5
MERGED from com.crashlytics.sdk.android:crashlytics:2.2.4:11:5
MERGED from com.crashlytics.sdk.android:answers:1.2.0:9:5
MERGED from io.fabric.sdk.android:fabric:1.3.1:9:5
MERGED from com.crashlytics.sdk.android:beta:1.1.2:9:5
MERGED from io.fabric.sdk.android:fabric:1.3.1:9:5
	android:label
		ADDED from AndroidManifest.xml:27:9
	android:allowBackup
		ADDED from AndroidManifest.xml:25:9
	android:icon
		ADDED from AndroidManifest.xml:26:9
	android:theme
		ADDED from AndroidManifest.xml:28:9
	android:name
		ADDED from AndroidManifest.xml:24:9
meta-data#android.app.default_searchable
ADDED from AndroidManifest.xml:30:9
	android:name
		ADDED from AndroidManifest.xml:30:20
	android:value
		ADDED from AndroidManifest.xml:30:66
intent-filter#android.intent.action.SEARCH
ADDED from AndroidManifest.xml:31:9
action#android.intent.action.SEARCH
ADDED from AndroidManifest.xml:31:25
	android:name
		ADDED from AndroidManifest.xml:31:33
activity#com.xavey.woody.activity.OnboardingActivity
ADDED from AndroidManifest.xml:33:9
	android:screenOrientation
		ADDED from AndroidManifest.xml:34:13
	android:name
		ADDED from AndroidManifest.xml:33:19
activity#com.xavey.woody.activity.MainActivity
ADDED from AndroidManifest.xml:36:9
	android:screenOrientation
		ADDED from AndroidManifest.xml:39:13
	android:label
		ADDED from AndroidManifest.xml:38:13
	android:name
		ADDED from AndroidManifest.xml:37:13
intent-filter#android.intent.action.MAIN+android.intent.category.LAUNCHER
ADDED from AndroidManifest.xml:40:13
	android:label
		ADDED from AndroidManifest.xml:40:28
action#android.intent.action.MAIN
ADDED from AndroidManifest.xml:41:17
	android:name
		ADDED from AndroidManifest.xml:41:25
category#android.intent.category.LAUNCHER
ADDED from AndroidManifest.xml:43:17
	android:name
		ADDED from AndroidManifest.xml:43:27
intent-filter#android.intent.action.VIEW+android.intent.category.BROWSABLE+android.intent.category.DEFAULT
ADDED from AndroidManifest.xml:45:13
action#android.intent.action.VIEW
ADDED from AndroidManifest.xml:46:17
	android:name
		ADDED from AndroidManifest.xml:46:25
category#android.intent.category.DEFAULT
ADDED from AndroidManifest.xml:47:17
	android:name
		ADDED from AndroidManifest.xml:47:27
category#android.intent.category.BROWSABLE
ADDED from AndroidManifest.xml:48:17
	android:name
		ADDED from AndroidManifest.xml:48:27
data
ADDED from AndroidManifest.xml:49:17
	android:host
		ADDED from AndroidManifest.xml:50:21
	android:pathPrefix
		ADDED from AndroidManifest.xml:51:21
	android:scheme
		ADDED from AndroidManifest.xml:49:23
meta-data#com.xavey.woody.ApiKey
ADDED from AndroidManifest.xml:61:9
	android:name
		ADDED from AndroidManifest.xml:62:13
	android:value
		ADDED from AndroidManifest.xml:63:13
meta-data#com.google.android.gms.version
ADDED from AndroidManifest.xml:64:9
MERGED from com.google.android.gms:play-services-base:7.5.0:21:9
MERGED from com.google.android.gms:play-services-base:7.5.0:21:9
MERGED from com.google.android.gms:play-services-base:7.5.0:21:9
MERGED from com.google.android.gms:play-services-base:7.5.0:21:9
MERGED from com.google.android.gms:play-services-base:7.5.0:21:9
MERGED from com.google.android.gms:play-services-base:7.5.0:21:9
MERGED from com.google.android.gms:play-services-base:7.5.0:21:9
MERGED from com.google.android.gms:play-services-base:7.5.0:21:9
MERGED from com.google.android.gms:play-services-base:7.5.0:21:9
MERGED from com.google.android.gms:play-services-base:7.5.0:21:9
MERGED from com.google.android.gms:play-services-base:7.5.0:21:9
MERGED from com.google.android.gms:play-services-base:7.5.0:21:9
MERGED from com.google.android.gms:play-services-base:7.5.0:21:9
MERGED from com.google.android.gms:play-services-base:7.5.0:21:9
MERGED from com.google.android.gms:play-services-base:7.5.0:21:9
MERGED from com.google.android.gms:play-services-base:7.5.0:21:9
MERGED from com.google.android.gms:play-services-base:7.5.0:21:9
MERGED from com.google.android.gms:play-services-base:7.5.0:21:9
MERGED from com.google.android.gms:play-services-base:7.5.0:21:9
MERGED from com.google.android.gms:play-services-base:7.5.0:21:9
MERGED from com.google.android.gms:play-services-base:7.5.0:21:9
MERGED from com.google.android.gms:play-services-base:7.5.0:21:9
MERGED from com.google.android.gms:play-services-base:7.5.0:21:9
MERGED from com.google.android.gms:play-services-base:7.5.0:21:9
MERGED from com.google.android.gms:play-services-base:7.5.0:21:9
MERGED from com.google.android.gms:play-services-base:7.5.0:21:9
MERGED from com.google.android.gms:play-services-base:7.5.0:21:9
	android:name
		ADDED from AndroidManifest.xml:65:13
	android:value
		ADDED from AndroidManifest.xml:66:13
activity#com.xavey.woody.activity.LoginActivity
ADDED from AndroidManifest.xml:68:9
	android:windowSoftInputMode
		ADDED from AndroidManifest.xml:73:13
	android:screenOrientation
		ADDED from AndroidManifest.xml:72:13
	android:label
		ADDED from AndroidManifest.xml:71:13
	android:clearTaskOnLaunch
		ADDED from AndroidManifest.xml:70:13
	android:name
		ADDED from AndroidManifest.xml:69:13
activity#com.xavey.woody.activity.RegistrationActivity
ADDED from AndroidManifest.xml:75:9
	android:windowSoftInputMode
		ADDED from AndroidManifest.xml:80:13
	android:screenOrientation
		ADDED from AndroidManifest.xml:79:13
	android:label
		ADDED from AndroidManifest.xml:78:13
	android:clearTaskOnLaunch
		ADDED from AndroidManifest.xml:77:13
	android:name
		ADDED from AndroidManifest.xml:76:13
activity#com.xavey.woody.activity.ResultActivity
ADDED from AndroidManifest.xml:82:9
	android:screenOrientation
		ADDED from AndroidManifest.xml:85:13
	android:label
		ADDED from AndroidManifest.xml:84:13
	android:name
		ADDED from AndroidManifest.xml:83:13
activity#com.xavey.woody.activity.ResultSetActivity
ADDED from AndroidManifest.xml:87:9
	android:screenOrientation
		ADDED from AndroidManifest.xml:90:13
	android:label
		ADDED from AndroidManifest.xml:89:13
	android:name
		ADDED from AndroidManifest.xml:88:13
activity#com.xavey.woody.activity.AskActivity
ADDED from AndroidManifest.xml:92:9
	android:screenOrientation
		ADDED from AndroidManifest.xml:95:13
	android:label
		ADDED from AndroidManifest.xml:94:13
	android:name
		ADDED from AndroidManifest.xml:93:13
activity#com.xavey.woody.activity.ProfileActivity
ADDED from AndroidManifest.xml:97:9
	android:screenOrientation
		ADDED from AndroidManifest.xml:100:13
	android:label
		ADDED from AndroidManifest.xml:99:13
	android:name
		ADDED from AndroidManifest.xml:98:13
activity#com.xavey.woody.activity.AskShareActivity
ADDED from AndroidManifest.xml:102:9
	android:screenOrientation
		ADDED from AndroidManifest.xml:105:13
	android:label
		ADDED from AndroidManifest.xml:104:13
	android:name
		ADDED from AndroidManifest.xml:103:13
activity#com.xavey.woody.activity.SearchActivity
ADDED from AndroidManifest.xml:107:9
	android:screenOrientation
		ADDED from AndroidManifest.xml:110:13
	android:label
		ADDED from AndroidManifest.xml:109:13
	android:name
		ADDED from AndroidManifest.xml:108:13
intent-filter#android.intent.action.SEARCH+android.intent.category.DEFAULT
ADDED from AndroidManifest.xml:111:13
meta-data#android.app.searchable
ADDED from AndroidManifest.xml:115:13
	android:resource
		ADDED from AndroidManifest.xml:117:17
	android:name
		ADDED from AndroidManifest.xml:116:17
activity#com.xavey.woody.activity.AboutActivity
ADDED from AndroidManifest.xml:119:9
	android:screenOrientation
		ADDED from AndroidManifest.xml:122:13
	android:label
		ADDED from AndroidManifest.xml:121:13
	android:name
		ADDED from AndroidManifest.xml:120:13
activity#com.xavey.woody.activity.SettingActivity
ADDED from AndroidManifest.xml:124:9
	android:screenOrientation
		ADDED from AndroidManifest.xml:126:13
	android:label
		ADDED from AndroidManifest.xml:127:13
	android:name
		ADDED from AndroidManifest.xml:125:13
activity#com.xavey.woody.activity.EditProfileActivity
ADDED from AndroidManifest.xml:129:9
	android:screenOrientation
		ADDED from AndroidManifest.xml:132:13
	android:label
		ADDED from AndroidManifest.xml:131:13
	android:name
		ADDED from AndroidManifest.xml:130:13
activity#com.xavey.woody.activity.AnswerActivity
ADDED from AndroidManifest.xml:134:9
	android:screenOrientation
		ADDED from AndroidManifest.xml:137:13
	android:label
		ADDED from AndroidManifest.xml:136:13
	android:name
		ADDED from AndroidManifest.xml:135:13
activity#com.xavey.woody.activity.AnswerSetActivity
ADDED from AndroidManifest.xml:139:9
	android:screenOrientation
		ADDED from AndroidManifest.xml:142:13
	android:label
		ADDED from AndroidManifest.xml:141:13
	android:name
		ADDED from AndroidManifest.xml:140:13
activity#com.xavey.woody.activity.InviteActivity
ADDED from AndroidManifest.xml:144:9
	android:screenOrientation
		ADDED from AndroidManifest.xml:147:13
	android:label
		ADDED from AndroidManifest.xml:146:13
	android:name
		ADDED from AndroidManifest.xml:145:13
activity#com.xavey.woody.activity.PartnerActivity
ADDED from AndroidManifest.xml:149:9
	android:screenOrientation
		ADDED from AndroidManifest.xml:152:13
	android:label
		ADDED from AndroidManifest.xml:151:13
	android:name
		ADDED from AndroidManifest.xml:150:13
activity#com.xavey.woody.activity.PromoteActivity
ADDED from AndroidManifest.xml:155:9
	android:screenOrientation
		ADDED from AndroidManifest.xml:158:13
	android:label
		ADDED from AndroidManifest.xml:157:13
	android:name
		ADDED from AndroidManifest.xml:156:13
receiver#com.google.android.gms.analytics.AnalyticsReceiver
ADDED from AndroidManifest.xml:161:9
	android:enabled
		ADDED from AndroidManifest.xml:162:13
	android:name
		ADDED from AndroidManifest.xml:161:19
intent-filter#com.google.android.gms.analytics.ANALYTICS_DISPATCH
ADDED from AndroidManifest.xml:163:13
action#com.google.android.gms.analytics.ANALYTICS_DISPATCH
ADDED from AndroidManifest.xml:164:17
	android:name
		ADDED from AndroidManifest.xml:164:25
service#com.google.android.gms.analytics.AnalyticsService
ADDED from AndroidManifest.xml:167:9
	android:exported
		ADDED from AndroidManifest.xml:169:13
	android:enabled
		ADDED from AndroidManifest.xml:168:13
	android:name
		ADDED from AndroidManifest.xml:167:18
receiver#com.google.android.gms.analytics.CampaignTrackingReceiver
ADDED from AndroidManifest.xml:171:9
	android:exported
		ADDED from AndroidManifest.xml:172:13
	android:name
		ADDED from AndroidManifest.xml:171:19
intent-filter#com.android.vending.INSTALL_REFERRER
ADDED from AndroidManifest.xml:173:13
action#com.android.vending.INSTALL_REFERRER
ADDED from AndroidManifest.xml:174:17
	android:name
		ADDED from AndroidManifest.xml:174:25
service#com.google.android.gms.analytics.CampaignTrackingService
ADDED from AndroidManifest.xml:177:9
	android:name
		ADDED from AndroidManifest.xml:177:18
receiver#com.xavey.woody.gcm.GcmBroadcastReceiver
ADDED from AndroidManifest.xml:180:9
	android:permission
		ADDED from AndroidManifest.xml:182:13
	android:name
		ADDED from AndroidManifest.xml:181:13
intent-filter#com.google.android.c2dm.intent.RECEIVE+com.xavey.woody
ADDED from AndroidManifest.xml:183:13
action#com.google.android.c2dm.intent.RECEIVE
ADDED from AndroidManifest.xml:184:17
	android:name
		ADDED from AndroidManifest.xml:184:25
category#com.xavey.woody
ADDED from AndroidManifest.xml:185:17
	android:name
		ADDED from AndroidManifest.xml:185:27
service#com.xavey.woody.gcm.GcmMessageHandler
ADDED from AndroidManifest.xml:188:9
	android:name
		ADDED from AndroidManifest.xml:188:18
uses-sdk
INJECTED from AndroidManifest.xml:0:0 reason: use-sdk injection requested
MERGED from com.android.support:support-v4:22.2.0:20:5
MERGED from com.android.support:appcompat-v7:22.2.0:20:5
MERGED from com.android.support:support-v4:22.2.0:20:5
MERGED from com.android.support:recyclerview-v7:22.1.1:20:5
MERGED from com.google.android.gms:play-services:7.5.0:18:5
MERGED from com.google.android.gms:play-services-ads:7.5.0:23:5
MERGED from com.google.android.gms:play-services-base:7.5.0:18:5
MERGED from com.android.support:support-v4:22.2.0:20:5
MERGED from com.google.android.gms:play-services-analytics:7.5.0:18:5
MERGED from com.google.android.gms:play-services-base:7.5.0:18:5
MERGED from com.android.support:support-v4:22.2.0:20:5
MERGED from com.google.android.gms:play-services-analytics:7.5.0:18:5
MERGED from com.google.android.gms:play-services-base:7.5.0:18:5
MERGED from com.android.support:support-v4:22.2.0:20:5
MERGED from com.google.android.gms:play-services-appindexing:7.5.0:18:5
MERGED from com.google.android.gms:play-services-base:7.5.0:18:5
MERGED from com.android.support:support-v4:22.2.0:20:5
MERGED from com.google.android.gms:play-services-appinvite:7.5.0:18:5
MERGED from com.google.android.gms:play-services-base:7.5.0:18:5
MERGED from com.android.support:support-v4:22.2.0:20:5
MERGED from com.google.android.gms:play-services-appstate:7.5.0:18:5
MERGED from com.google.android.gms:play-services-base:7.5.0:18:5
MERGED from com.android.support:support-v4:22.2.0:20:5
MERGED from com.google.android.gms:play-services-base:7.5.0:18:5
MERGED from com.android.support:support-v4:22.2.0:20:5
MERGED from com.google.android.gms:play-services-cast:7.5.0:18:5
MERGED from com.google.android.gms:play-services-base:7.5.0:18:5
MERGED from com.android.support:support-v4:22.2.0:20:5
MERGED from com.android.support:mediarouter-v7:22.0.0:20:5
MERGED from com.android.support:appcompat-v7:22.2.0:20:5
MERGED from com.android.support:support-v4:22.2.0:20:5
MERGED from com.google.android.gms:play-services-drive:7.5.0:18:5
MERGED from com.google.android.gms:play-services-base:7.5.0:18:5
MERGED from com.android.support:support-v4:22.2.0:20:5
MERGED from com.google.android.gms:play-services-fitness:7.5.0:18:5
MERGED from com.google.android.gms:play-services-base:7.5.0:18:5
MERGED from com.android.support:support-v4:22.2.0:20:5
MERGED from com.google.android.gms:play-services-location:7.5.0:18:5
MERGED from com.google.android.gms:play-services-base:7.5.0:18:5
MERGED from com.android.support:support-v4:22.2.0:20:5
MERGED from com.google.android.gms:play-services-maps:7.5.0:28:5
MERGED from com.google.android.gms:play-services-base:7.5.0:18:5
MERGED from com.android.support:support-v4:22.2.0:20:5
MERGED from com.google.android.gms:play-services-games:7.5.0:18:5
MERGED from com.google.android.gms:play-services-base:7.5.0:18:5
MERGED from com.android.support:support-v4:22.2.0:20:5
MERGED from com.google.android.gms:play-services-drive:7.5.0:18:5
MERGED from com.google.android.gms:play-services-base:7.5.0:18:5
MERGED from com.android.support:support-v4:22.2.0:20:5
MERGED from com.google.android.gms:play-services-gcm:7.5.0:18:5
MERGED from com.google.android.gms:play-services-base:7.5.0:18:5
MERGED from com.android.support:support-v4:22.2.0:20:5
MERGED from com.google.android.gms:play-services-identity:7.5.0:18:5
MERGED from com.google.android.gms:play-services-base:7.5.0:18:5
MERGED from com.android.support:support-v4:22.2.0:20:5
MERGED from com.google.android.gms:play-services-location:7.5.0:18:5
MERGED from com.google.android.gms:play-services-base:7.5.0:18:5
MERGED from com.android.support:support-v4:22.2.0:20:5
MERGED from com.google.android.gms:play-services-maps:7.5.0:28:5
MERGED from com.google.android.gms:play-services-base:7.5.0:18:5
MERGED from com.android.support:support-v4:22.2.0:20:5
MERGED from com.google.android.gms:play-services-maps:7.5.0:28:5
MERGED from com.google.android.gms:play-services-base:7.5.0:18:5
MERGED from com.android.support:support-v4:22.2.0:20:5
MERGED from com.google.android.gms:play-services-nearby:7.5.0:18:5
MERGED from com.google.android.gms:play-services-base:7.5.0:18:5
MERGED from com.android.support:support-v4:22.2.0:20:5
MERGED from com.google.android.gms:play-services-panorama:7.5.0:18:5
MERGED from com.google.android.gms:play-services-base:7.5.0:18:5
MERGED from com.android.support:support-v4:22.2.0:20:5
MERGED from com.google.android.gms:play-services-plus:7.5.0:18:5
MERGED from com.google.android.gms:play-services-base:7.5.0:18:5
MERGED from com.android.support:support-v4:22.2.0:20:5
MERGED from com.google.android.gms:play-services-safetynet:7.5.0:18:5
MERGED from com.google.android.gms:play-services-base:7.5.0:18:5
MERGED from com.android.support:support-v4:22.2.0:20:5
MERGED from com.google.android.gms:play-services-wallet:7.5.0:19:5
MERGED from com.google.android.gms:play-services-base:7.5.0:18:5
MERGED from com.android.support:support-v4:22.2.0:20:5
MERGED from com.google.android.gms:play-services-identity:7.5.0:18:5
MERGED from com.google.android.gms:play-services-base:7.5.0:18:5
MERGED from com.android.support:support-v4:22.2.0:20:5
MERGED from com.google.android.gms:play-services-maps:7.5.0:28:5
MERGED from com.google.android.gms:play-services-base:7.5.0:18:5
MERGED from com.android.support:support-v4:22.2.0:20:5
MERGED from com.google.android.gms:play-services-wearable:7.5.0:18:5
MERGED from com.google.android.gms:play-services-base:7.5.0:18:5
MERGED from com.android.support:support-v4:22.2.0:20:5
MERGED from com.android.support:design:22.2.0:20:5
MERGED from com.android.support:appcompat-v7:22.2.0:20:5
MERGED from com.android.support:support-v4:22.2.0:20:5
MERGED from com.android.support:support-v4:22.2.0:20:5
MERGED from com.crashlytics.sdk.android:crashlytics:2.2.4:7:5
MERGED from com.crashlytics.sdk.android:answers:1.2.0:7:5
MERGED from io.fabric.sdk.android:fabric:1.3.1:7:5
MERGED from com.crashlytics.sdk.android:beta:1.1.2:7:5
MERGED from io.fabric.sdk.android:fabric:1.3.1:7:5
MERGED from com.ogaclejapan.smarttablayout:library:1.2.1:8:5
	android:targetSdkVersion
		INJECTED from AndroidManifest.xml:0:0
		INJECTED from AndroidManifest.xml:0:0
	android:minSdkVersion
		INJECTED from AndroidManifest.xml:0:0
		INJECTED from AndroidManifest.xml:0:0
activity#android.support.v7.widget.TestActivity
ADDED from com.android.support:recyclerview-v7:22.1.1:23:9
	android:label
		ADDED from com.android.support:recyclerview-v7:22.1.1:25:13
	android:name
		ADDED from com.android.support:recyclerview-v7:22.1.1:24:13
activity#com.google.android.gms.ads.AdActivity
ADDED from com.google.android.gms:play-services-ads:7.5.0:26:9
	android:configChanges
		ADDED from com.google.android.gms:play-services-ads:7.5.0:28:13
	android:theme
		ADDED from com.google.android.gms:play-services-ads:7.5.0:29:13
	android:name
		ADDED from com.google.android.gms:play-services-ads:7.5.0:27:13
activity#com.google.android.gms.ads.purchase.InAppPurchaseActivity
ADDED from com.google.android.gms:play-services-ads:7.5.0:30:9
	android:theme
		ADDED from com.google.android.gms:play-services-ads:7.5.0:31:13
	android:name
		ADDED from com.google.android.gms:play-services-ads:7.5.0:30:19
uses-permission#android.permission.ACCESS_COARSE_LOCATION
ADDED from com.google.android.gms:play-services-maps:7.5.0:23:5
MERGED from com.google.android.gms:play-services-maps:7.5.0:23:5
MERGED from com.google.android.gms:play-services-maps:7.5.0:23:5
MERGED from com.google.android.gms:play-services-maps:7.5.0:23:5
	android:name
		ADDED from com.google.android.gms:play-services-maps:7.5.0:23:22
uses-feature#0x00020000
ADDED from com.google.android.gms:play-services-maps:7.5.0:24:5
MERGED from com.google.android.gms:play-services-maps:7.5.0:24:5
MERGED from com.google.android.gms:play-services-maps:7.5.0:24:5
MERGED from com.google.android.gms:play-services-maps:7.5.0:24:5
	android:required
		ADDED from com.google.android.gms:play-services-maps:7.5.0:26:8
	android:glEsVersion
		ADDED from com.google.android.gms:play-services-maps:7.5.0:25:8
uses-permission#android.permission.USE_CREDENTIALS
ADDED from com.google.android.gms:play-services-wallet:7.5.0:22:5
	android:name
		ADDED from com.google.android.gms:play-services-wallet:7.5.0:22:22
meta-data#com.google.android.gms.wallet.api.enabled